[    0.000000] Initializing cgrop suys cpuet
[    0.000000] Initializing cgroup subsys cpu
[    0.000000] Initializing cgroup subsys cpuacct
[    0.000000] Linux version 4.4.0-184-generic (build@lg01-amd64-060) (gcc version 5.4.0 20160609 (Ubuntu 5.4.0-6ubuntu1~16.04.12) ) #214-Ubuntu SMP Thu Jun 4 10:14:11 UTC 2020 (Ubuntu 4.4.0-184.214-generic 4.4.223)
[    0.000000] Command line: BOOT_IMGE=/boot/vmlinuz-4.4.0-184-generic root=LABEL=cloudimg-rootfs ro console=tty1 console=ttyS0
[    0.000000] KERNEL supported cpus:
[    0.000000]   Intel GenuineIntel
[    0.000000]   AMD AuthenticAMD
[    0.000000]   Centaur CentaurHauls
[    0.000000] x86/fpu: xstate_offset[2]:  576, xstate_sizes[2]:  256
[    0.000000] x86/fpu: Supporting XSAVE feature 0x01: 'x87 floating point registers'
[    0.000000] x86/fpu: Supporting XSAVE feature 0x02: ''SSE registers'
[    0.000000] x86/fpu: Supporting XSAVE feature 0x04: 'AVX registers'
[    0.000000] x86/fpu: Enabled xstate features 0x7, context size is 832 bytes, using 'standard' format.
[    0.000000] e820: BIOS-provided physical RAM map:
[    0.000000] BIOS-e820: [mem 0x0000000000000000-0x000000000009fbff] usable
[    0.000000] BIOS-e820: [mem 0x00000009f00x00000000009ffreerd    000000] BIOS-20: [mem 0x00000000000000-0x000000000fffff] esve
[   0.000] BIOS-e8: [mem 0x0000000000100000-0x00000000dffeffff] usable
[    0.000000] BIOS-e820: [mem 0x00000000dfff0000-0x0000000dfffffff] ACPI data
[   0.000000] BIS-e820: [mem 0x00000000fec00000-0x00000000fec00fff] reserved
[    0.000000] BIOS-e820: [mem 0x00000000fee00000-0x00000000fee00fff] reserved
[    0.000000] BIOS-e820: [mem 0x00000000fffc0000-0x00000000ffffffff] reserved
[    0.000000] BIOS-e820: [mem 0x0000000100000000-0x000000011fffffff] usable
[    0.000000] NX (Execute Disable) protection: active
[    0.000000] SMBIOS 2.5 present.
[    0.000000] Hypervisor detected: KVM
[    0.000000] e820: last_pfn = 0x120000 max_arch_pfn = 0x400000000
[    0.000000] MTRR: Disabled
[    0.000000] x86/PAT: MTRRs disabled, skipping PAT initialization too.
[    0.000000] CPU MTRRs all blank - virtualized system.
[    0.000000] x6/PAT: Configuration [0-7]: WB  WT  UC- UC  WB  WT  UC- UC  
[    0.000000] e820: last_pfn = 0xdfff0 max_arch_pfn = 0x400000000
[    0.000000] found SMP MP-table at [mem 0x0009fff-00009ffff] mppd  [fff80009fff0]   0.000000] Scanng 1 areafor owemy corruti
    0.00000] MDSK: [mem 0x362e0000-0x37167fff]
[    0.000000] ACPI: Early table checksum verification disabled
[    0.000000] ACPI: RSDP 0x00000000000E0000 000024 (v02 VBOX  )
[    0.000000] ACPI: XSDT 0x00000000DFFF0030 00003C (v01 VBOX   VBOXXSDT 00000001 ASL  00000061)
[    0.000000] ACPI: FACP 0x00000000DFFF00F0 0000F4 (v04 VBOX   VBOXFACP 00000001 ASL  00000061)
[    0.000000] ACPI: DSDT 0x00000000DFFF0480 0021FF (v02 VBOX   VBOXBIOS 00000002 INTL 20100528)
[    0.000000] ACPI: FACS 0x00000000DFFF0200 000040
[    0.000000] ACPI: FACS 0x00000000DFFF0200 000040
[    0.000000] ACPI: APIC 0x00000000DFFF0240 00006C (v02 VBOX   VBOXAPIC 00000001 ASL  00000061)
[    0.000000] ACPI: SSDT 0x00000000DFFF02B0 0001CC (v01 VBOX   VBOXCPUT 00000002 INTL 20100528)
[    0.000000] No NUMA configuration found
[    0.000000] Faking a node at [mem 0x0000000000000000-0x000000011fffffff]
[    0.000000] NODE_DATA(0) allocated [mem 0x11fff7000-0x11fffbfff]
[    0.000000] kvm-clock: Using msrs 4b564d01 and 4b564d00
[    0.000000] kvm-clock: cpu 0, msr 1:1ffef001, primary cpu clock
[    0.000000] kvm-clock: using sched offset of 3633548979 cycles
[    0.000000] clocksource: kvm-clock: mask: 0xffffffffffffffff max_cycles: 0x1cd42e4dffb, max_idle_ns: 881590591483 ns
[    0.000000] Zone ranges:
[    0.000000]   DMA      [mem 0x0000000000001000-0x0000000000ffffff]
[    0.000000]   DMA32    [mem 0x0000000001000000-0x00000000ffffffff]
[    0.000000]   Normal   [mem 0x0000000100000000-0x000000011fffffff]
[    0.000000]   Device   empty
[    0.000000] Movable zone start for each node
[    0.000000] Early memory node ranges
[    0.000000]   node   0: [mem 0x0000000000001000-0x000000000009efff]
[    0.000000]   node   0: [mem 0x0000000000100000-0x00000000dffeffff]
[    0.000000]   node   0: [mem 0x0000000100000000-0x000000011fffffff]
[    0.000000] Initmem setup node 0 [mem 0x0000000000001000-0x000000011fffffff]
[    0.000000] ACPI: PM-Timer IO Port: 0x4008
[    0.000000] IOAPIC[0]: apic_id 4, version 32, address 0xfec00000, GSI 0-23
[    0.000000] ACPI: INT_SRC_OVR (bu0 bus_q  globbal_irq 2 dfl dfl)
[    0.000000] ACPI: INT_SRC_OVR (bus 0 buirq 9 global_irq 9 low level)
[    0.000000] Using ACPI (MADT) for SMP configuration information
[    0.000000] smpbootAllowing 4 CPUs, 0 hotplug CPUs
[    0.000000] PM: Registered nosave memory: [mem 0x00000000-0x00000fff]
[    0.000000] PM: Registered nosave memory: [mem 0x0009f000-0x0009ffff]
[    0.000000] PM: Registered nosave memory [m 0000000-000effff]
[    0.000000] PM: Registered nosave memory: [mem 0x000f000-0x000fff][    .00000PM: Registered nosave memory: [mem 0xdfff0000-0xdfffffff]
[    0.000000] PM: Registered nosave memory: [mem 0xe0000000-0xfebfffff]
[    0.000000] PM: Registered nosave memory: [mem 0xfec00000-0xfec00fff]
[    0.000000] PM: Registered nosave memory: [mem 0xfec01000-0xfedfffff]
[    0.000000] PM: Registered nosave memory: [mem 0xfee00000-0xfee00fff]
[    0.000000] PM: Registered nosave memory: [mem 0xfee01000-0xfffbffff]
[    0.000000] PM: Registered nosave memory: [mem 0xfffc0000-0xffffffff]
[    0.000000] e820: [mem 0xe0000000-0xfebfffff] available for PCI devices
[    0.000000] Booting paravirtualized kernel on KVM
[    0.000000] clocksource: refined-jiffies: mask: 0xffffffff max_cycles: 0xffffffff, max_idle_ns: 7645519600211568 ns
[    0.000000] setup_percpu: NR_CPUS:512 nr_cpumask_bits:512 nr_cpu_ids:4 nr_node_ids:1
[    0.000000] PERCPU: Embedded 33 pages/cpu @ffff88011fc00000 s95448 r8192 d31528 u524288
[    0.000000] Built 1 zonelists in Node order, mobility grouping on.  Total pages: 1032056
[    0.000000] Policy zone: Normal
[    0.000000] Kernel command line: BOOT_IMAGE=/boot/vmlinuz-4.4.0-184-generic root=LABEL=cloudimg-ots ro conse=t1 onsole=ttyS0
[    0.000000] PID hash table entries: 4096 (order: 3, 32768  byte
   0.000000] Memory: 4027916K/4193848K availale (632K kernel code, 1336K rwdata, 4036K rodata, 1492K int, 1292K bss, 165932K reserved, 0K cma-reserved)
[    0.000000] SLUB: HWalign=64, Order=0-3, MinObjects=0, CPUs=4, Nodes=1
[    0.000000] Kernel/User page tables isolation: enabled
[    0.000000] Hierarchical RCU implementation.
[    0.00000] 	Build-timadstment of leaf fanout to 64.
[    0.000000] 	RCU restricting CPUs fromNR_CPUS=512 to nr_cpu_ids=4.
[    0.000000] RCU: Adjustingeometry for rcu_fanout_leaf=64, nr_cpu_ids=4
[    0.000000] NR_IRQS:33024 nr_irqs:456 16
[    0.000000] Console: colour VGA+ 80x25
[    0.000000] console [tty1] enabled
[    0.000000] console [ttyS0] enabled
[    0.000000] tsc: Detected 1391.999 MHz processor
[    2.001493] Calibrating delay loop (skipped) preset value.. 2783.99 BogoMIPS (lpj=5567996)
[    2.003635] pid_max: default: 32768 minimum: 301
[    2.004559] ACPI: Core revision 20150930
[    2.006107] ACPI: 2 ACPI AML tables successfully acquired and loaded
[    2.007452] Security Framework initialized
[    2.008402] Yama: becoming mindful.
[    2.009160] AppArmor: AppArmor initialized
[   2.011570] Dentry cache hash table entries: 524288 (order: 10, 4194304 bytes)
[    2.064084] Inode-cache hash table entries: 262144 (order: 9, 2097152 bytes)
[    2.078021] Mount-cache hash table entries: 8192 (order: 4, 65536 bytes)
[    2.079910] Mountpoint-cache hash table entries: 8192 (order: 4, 65536 bytes)
[    2.089548] Initializing cgroup subsys io
[    2.093718] Initializing cgroup subsys memory
[    2.111567] Initializing cgroup subsys devices
[    2.113000] Initializing cgroup subsys freezer
[    2.125174] Initializing cgroup subsys net_cls
[    2.155097] Initializing cgroup subsys perf_event
[    2.167259] Initializing cgroup subsys net_prio
[    2.175071] Initializing cgroup subsys hugetlb
[    2.255135] Initializing cgroup subsys pids
[    2.257929] mce: CPU supports 0 MCE banks
[    2.258890] Last level iTLB entries: 4KB 64, 2MB 8, 4MB 8
[    2.259972] Last level dTLB entries: 4KB 64, 2MB 0, 4MB 0, 1GB 4
[    2.261173] Spectre V1 : Mitigation: usercopy/swapgs barriers and __user pointer sanitization
[    2.263007] Spectre V2 : Mitigation: Full generic retpoline
[    2.264091] Spectre V2 : Spectre v2 / SpectreRSB mitigation: Filling RSB on context switch
[    2.273813] Speculative Store Bypass: Vulnerable
[    2.282588] SRBDS: Unknown: Dependent on hypervisor status
[    2.283688] MDS: Vulnerable: Clear CPU buffers attempted, no microcode
[    2.286937] Freeing SMP alternatives memory: 36K
[    2.327068] ftrace: allocating 32319 entries in 127 pages
[    2.447207] smpboot: APIC(0) Converting physical 0 to logical package 0
[    2.513859] smpboot: Max logical packages: 1
[    2.537611] x2apic enabled
[    2.538481] Switched APIC routing to physical x2apic.
[    2.542302] ..TIMER: vector=0x30 apic1=0 pin1=2 apic2=-1 pin2=-1
[    2.651610] smpboot: CPU0: Intel(R) Core(TM) i5-8257U CPU @ 1.40GHz (family: 0x6, model: 0x8e, stepping: 0xa)
[    2.763618] Performance Events: unsupported p6 CPU model 142 no PMU driver, software events only.
[    2.773685] KVM setup paravirtual spinlock
[    2.775164] x86: Booting SMP configuration:
[    2.776066] .... node  #0, CPUs:      #1
[    2.777002] kvm-clock: cpu 1, msr 1:1ffef041, secondary cpu clock
[    2.779531] mce: CPU supports 0 MCE banks
[    2.782157]  #2
[    2.810273] kvm-clock: cpu 2, msr 1:1ffef081, secondary cpu clock
[    2.913495] mce: CPU supports 0 MCE banks
[    2.930088]  #3
[    2.936301] kvm-clock: cpu 3, msr 1:1ffef0c1, secondary cpu clock
[    2.939350] mce: CPU supports 0 MCE banks
[    2.948801] x86: Booted up 1 node, 4 CPUs
[    2.953362] smpboot: Total of 4 processors activated (11135.99 BogoMIPS)
[    2.958166] devtmpfs: initialized
[    2.962734] evm: security.selinux
[    2.965045] evm: security.SMACK64
[    2.966032] evm: security.SMACK64EXEC
[    2.969365] evm: security.SMACK64TRANSMUTE
[    2.971597] evm: security.SMACK64MMAP
[    2.972822] evm: security.ima
[    2.973800] evm: security.capability
[    2.976517] clocksource: jiffies: mask: 0xffffffff max_cycles: 0xffffffff, max_idle_ns: 7645041785100000 ns
[    2.978918] futex hash table entries: 1024 (order: 4, 65536 bytes)
[    2.980676] pinctrl core: initialized pinctrl subsystem
[    2.982139] RTC time: 19:59:00, date: 06/28/20
[    2.984904] NET: Registered protocol family 16
[    2.995855] cpuidle: using governor ladder
[    3.008071] cpuidle: using governor menu
[    3.068179] PCCT header not found.
[    3.073222] ACPI: bus type PCI registered
[    3.074290] acpiphp: ACPI Hot Plug PCI Controller Driver version: 0.5
[    3.075886] PCI: Using configuration type 1 for base access
[    3.091709] ACPI: Added _OSI(Module Device)
[    3.092679] ACPI: Added _OSI(Processor Device)
[    3.093545] ACPI: Added _OSI(3.0 _SCP Extensions)
[    3.094454] ACPI: Added _OSI(Processor Aggregator Device)
[    3.096645] ACPI: Executed 1 blocks of module-level executable AML code
[    3.099552] ACPI: Interpreter enabled
[    3.100312] ACPI: (supports S0 S5)
[    3.101072] ACPI: Using IOAPIC for interrupt routing
[    3.190463] PCI: Using host bridge windows from ACPI; if necessary, use "pci=nocrs" and report a bug
[    3.201483] ACPI: PCI Root Bridge [PCI0] (domain 0000 [bus 00-ff])
[    3.224450] acpi PNP0A03:00: _OSC: OS supports [ASPM ClockPM Segments MSI]
[    3.259975] acpi PNP0A03:00: _OSC: not requesting OS control; OS requires [ExtendedConfig ASPM ClockPM MSI]
[    3.262194] acpi PNP0A03:00: fail to add MMCONFIG information, can't access extended PCI configuration space under this bridge.
[    3.274902] PCI host bridge to bus 0000:00
[    3.291762] pci_bus 0000:00: root bus resource [io  0x0000-0x0cf7 window]
[    3.299921] pci_bus 0000:00: root bus resource [io  0x0d00-0xffff window]
[    3.303745] pci_bus 0000:00: root bus resource [mem 0x000a0000-0x000bffff window]
[    3.311046] pci_bus 0000:00: root bus resource [mem 0xe0000000-0xfdffffff window]
[    3.335468] pci_bus 0000:00: root bus resource [bus 00-ff]
[    3.360460] pci 0000:00:01.1: legacy IDE quirk: reg 0x10: [io  0x01f0-0x01f7]
[    3.397581] pci 0000:00:01.1: legacy IDE quirk: reg 0x14: [io  0x03f6]
[    3.416523] pci 0000:00:01.1: legacy IDE quirk: reg 0x18: [io  0x0170-0x0177]
[    3.424334] pci 0000:00:01.1: legacy IDE quirk: reg 0x1c: [io  0x0376]
[    3.484119] pci 0000:00:07.0: quirk: [io  0x4000-0x403f] claimed by PIIX4 ACPI
[    3.504724] pci 0000:00:07.0: quirk: [io  0x4100-0x410f] claimed by PIIX4 SMB
[    3.515276] ACPI: PCI Interrupt Link [LNKA] (IRQs 5 9 10 *11)
[    3.517067] ACPI: PCI Interrupt Link [LNKB] (IRQs 5 9 *10 11)
[    3.518580] ACPI: PCI Interrupt Link [LNKC] (IRQs 5 *9 10 11)
[    3.520101] ACPI: PCI Interrupt Link [LNKD] (IRQs 5 9 10 *11)
[    3.521628] ACPI: Enabled 2 GPEs in block 00 to 07
[    3.548060] vgaarb: setting as boot device: PCI:0000:00:02.0
[    3.619449] vgaarb: device added: PCI:0000:00:02.0,decodes=io+mem,owns=io+mem,locks=none
[    3.767350] vgaarb: loaded
[    3.769266] vgaarb: bridge control possible 0000:00:02.0
[    3.770499] SCSI subsystem initialized
[    3.771421] ACPI: bus type USB registered
[    3.772272] usbcore: registered new interface driver usbfs
[    3.773348] usbcore: registered new interface driver hub
[    3.774410] usbcore: registered new device driver usb
[    3.775595] PCI: Using ACPI for IRQ routing
[    3.776807] NetLabel: Initializing
[    3.777557] NetLabel:  domain hash size = 128
[    3.778409] NetLabel:  protocols = UNLABELED CIPSOv4
[    3.779365] NetLabel:  unlabeled traffic allowed by default
[    3.780595] amd_nb: Cannot enumerate AMD northbridges
[    3.783145] clocksource: Switched to clocksource kvm-clock
[    3.791654] AppArmor: AppArmor Filesystem Enabled
[    3.792701] pnp: PnP ACPI init
[    3.794302] pnp: PnP ACPI: found 3 devices
[    3.803721] clocksource: acpi_pm: mask: 0xffffff max_cycles: 0xffffff, max_idle_ns: 2085701024 ns
[    3.805479] NET: Registered protocol family 2
[    3.806693] TCP established hash table entries: 32768 (order: 62644yt)    3.998468] TCP bind hash table entries: 32768 (order: 7, 524288 bytes)
[    4.045644] TCP: Hash tables configured (established 32768 bind 32768)
[    4.047202] UDP hash table entries: 2048 (order: 4, 65536 bytes)
[    4.048813] UDP-Lite hash table entrie: 2048 (order: 4, 65536 byts)
    4.0913NET: Registered protocol family 1
[    4.222944]pc00:00:000: imindict PCI/PCI transfers
[    4.535124] pci 0000:00:01.0: Activating ISA DMA hang wkaun
  4.31] paininramfs.
    275254] Freininrd memy: 180
[  5979]CIMA Ungofarbounceuffeng for IO (SWIOTLB)
[   0955 stware IO TLB: mappd [mem 0xdbff0000-0xdfff000] (64MB)
[  6.323 cckurce:scma: ffffffffffffff max_cycles: 0x14109a24aaa, max_idle_ns: 440795250993 ns
[    6.801471] platform rtc_cmos: registered platform RTC device (no PNP device found)
[    6.803106] Scanning for low memory corruption every 60 seconds
[    6.804656] audit: initializing netlink subsys (disabled)
[    6.805776] audit: type=2000 audit(1593374346.774:1): initialized
[    6.807111] Initialise system trusted keyring

[    6.808289] HugeTLB registered 2 MB page size, pre-allocated 0 pages
[    6.810446] zbud: loaded
[   8124VFS: Disk quotas dquot_6.6.0
[    6.967457] VFS: Dquot-cache hsh table eri: 512 (order 0, 4096 bytes)
[  7803]quashfs: version 4.0 (2009/01/31) Phillip Lougher
[    7.300942] fuse init (API version 7.23)
[    7.303702] Key type big_key registered
[    7.364166] Allocating IMA MOK and blacklist keyrings.
[    7.394159] Key type asymmetric registered
[    7.409196] Asymmetric key parser 'x509' registered
[    7.420035] Block layer SCSI generic (bsg) driver version 0.4 loaded (major 249)
[    7.443536] io scheduler noop registered
[    7.448763] io scheduler deadline registered (default)
[    7.460505] io scheduler cfq registered
[    7.471953] pci_hotplug: PCI Hot Plug PCI Core version: 0.5
[    7.480382] pciehp: PCI Express Hot Plug Controller Driver version: 0.4
[    7.488509] ACPI: AC Adapter [AC] (off-line)
[    7.509003] input: Power Button as /devices/LNXSYSTM:00/LNXPWRBN:00/input/input0
[    7.557237] ACPI: Power Button [PWRF]
[    7.564058] input: Sleep Button as /devices/LNXSYSTM:00/LNXSLPBN:00/input/input1
[    7.594587] AC: eeBuon [SLPF]
[    7.798612] GHES: HEST is not enabled!
[    7.799972] ACPI: Battery Slot [BAT0] (battery present)
[    7.803811] Serial: 8250/16550 driver, 32 ports, IRQ sharing enabled
[    7.833219] 00:02: ttyS0 at I/O 0x3f8 (irq = 4, base_baud = 115200) is a 16550A
[    7.930361] Linux agpgart interface v0.103
[    7.970074] loop: module loaded
[    8.003560] scsi host0: ata_piix
[    8.004548] scsi host1: ata_piix
[    8.005291] ata1: PATA max UDMA/33 cmd 0x1f0 ctl 0x3f6 bmdma 0xd000 irq 14
[    8.006568] ata2: PATA max UDMA/33 cmd 0x170 ctl 0x376 bmdma 0xd008 irq 15
[    8.007982] libphy: Fixed MDIO Bus: probed
[    8.058185] tun: Universal TUN/TAP device driver, 1.6
[    8.066430] tun: (C) 1999-2004 Max Krasnyansky <maxk@qualcomm.com>
[    8.073858] PPP generic driver version 2.4.2
[    8.075871] ehci_hcd: USB 2.0 'Enhanced' Host Controller (EHCI) Driver
[    8.077928] ehci-pci: EHCI PCI platform driver
[    8.085916] ehci-platform: EHCI generic platform driver
[    8.095834] ohci_hcd: USB 1.1 'Open' Host Controller (OHCI) Driver
[    8.107709] ohci-pci: OHCI PCI platform driver
[    8.114924] ohci-platform: OHCI generic platform driver
[    8.116798] uhci_hcd: USB Universal Host Controller Interface driver
[    8.125751] i8042: PNP: PS/2 Controller [PNP0303:PS2K,PNP0f03:PS2M] at 0x60,0x64 irq 1,12
[    8.138575] serio: i80 K prt at 0x60,0x64rq 1
[    8.347100] serio: i8042 AUX port at 0x6,064rq2
[    8.530592moedv: PS/ mseeve common for all mice
[    8.814447] rtc_cmos rtc_cmos: rtc core: registered rtc_cmos as rtc0
[    8.815830] input: AT Translated Set 2 keyboard as /devices/platform/i8042/serio0/input/input2
[    8.817647] rtc_cmos rtc_cmos: alarms up to one day, 114 bytes nvram
[    8.818829] i2c /dev entries driver
[    8.819675] device-mapper: uevent: version 1.0.3
[    8.820625] device-mapper: ioctl: 4.34.0-ioctl (2015-10-28) initialised: dm-devel@redhat.com
[    8.914527] ledtrig-cpu: registered to indicate activity on CPUs
[    8.932806] NET: Registered protocol family 10
[    8.974909] NET: Registered protocol family 17
[    9.039781] Key type dns_resolver registered
[    9.066963] registered taskstats version 1
[    9.076445] Loading compiled-in X.509 certificates
[    9.081195] Loaded X.509 cert 'Build time autogenerated kernel key: b6ae09eed57f82583ccd3c65c463e852cdd7a0b5'
[    9.083581] zswap: loaded using pool lzo/zbud
[    9.103539] Key type trusted registered
[    9.112776] Key type encrypted registered
[    9.143775] AppArmor: AppArmor sha1 policy hashing enabled
[    9.175606] ima: No TPM chip found, activating TPM-bypass!
[    9.188545] ima: Allocated hash algorithm: sha1
[    9.192591] evm: HMAC attrs: 0x1
[    9.220625]   Magic number: 8:563:1002
[    9.250635] rtc_cmos rtc_cmos: setting system clock to 2020-06-28 19:59:06 UTC (1593374346)
[    9.264530] BIOS EDD facility v0.16 2004-Jun-25, 0 devices found
[    9.291703] EDD information not available.
[    9.293891] Freeing unused kernel memory: 1492K
[    9.319659] Write protecting the kernel read-only data: 14336k
[    9.321770] Freeing unused kernel memory: 1596K
[    9.323120] Freeing unused kernel memory: 60K
Loading, please wait...
starting version 229
[    9.335259] random: systemd-udevd: uninitialized urandom read (16 bytes read, 5 bits of entropy available)
[    9.335952] random: udevadm: uninitialized urandom read (16 bytes read, 5 bits of entropy available)
[    9.335967] random: udevadm: uninitialized urandom read (16 bytes read, 5 bits of entropy available)
[    9.343752] random: udevadm: uninitialized urandom read (16 bytes read, 5 bits of entropy available)
[    9.343788] random: udevadm: uninitialized urandom read (16 bytes read, 5 bits of entropy available)
[    9.343983] random: udevadm: uninitialized urandom read (16 bytes read, 5 bits of entropy available)
[    9.344026] random: udevadm: uninitialized urandom read (16 bytes read, 5 bits of entropy available)
[    9.344066] random: udevadm: uninitialized urandom read (16 bytes read, 5 bits of entropy available)
[    9.344105] random: udevadm: uninitialized urandom read (16 bytes read, 5 bits of entropy available)
[    9.344144] random: udevadm: uninitialized urandom read (16 bytes read, 5 bits of entropy available)
[    9.469282] e1000: Intel(R) PRO/1000 Network Driver - version 7.3.21-k8-NAPI
[    9.477306] e1000: Copyright (c) 1999-2006 Intel Corporation.
[    9.481215] Fusion MPT base driver 3.04.20
[    9.482099] Copyright (c) 1999-2008 LSI Corporation
[    9.488922] Fusion MPT SPI Host driver 3.04.20
[    9.491476] AVX2 version of gcm_enc/dec engaged.
[    9.493023] AES CTR mode by8 optimization enabled
[    9.716778] input: ImExPS/2 Generic Explorer Mouse as /devices/platform/i8042/serio1/input/input4
[    9.923949] e1000 0000:00:03.0 eth0: (PCI:33MHz:32-bit) 02:63:d7:4e:6d:2e
[   10.790060] e1000 0000:00:03.0 eth0: Intel(R) PRO/1000 Network Connection
[   11.296771] mptbase: ioc0: Initiating bringup
[   11.296956] e1000 0000:00:03.0 enp0s3: renamed from eth0
[   11.553448] ioc0: LSI53C1030 A0: Capabilities={Initiator}
[   12.813679] scsi host2: ioc0: LSI53C1030 A0, FwRev=00000000h, Ports=1, MaxQ=256, IRQ=20
[   13.332515] scsi 2:0:0:0: Direct-Access     VBOX     HARDDISK         1.0  PQ: 0 ANSI: 5
[   13.346094] scsi target2:0:0: Beginning Domain Validation
[   13.609530] scsi target2:0:0: Domain Validation skipping write tests
[   13.887479] scsi target2:0:0: Ending Domain Validation
[   13.888934] scsi target2:0:0: asynchronous
[   13.890441] scsi 2:0:1:0: Direct-Access     VBOX     HARDDISK         1.0  PQ: 0 ANSI: 5
[   13.894005] scsi target2:0:1: Beginning Domain Validation
[   13.904597] scsi target2:0:1: Domain Validation skipping write tests
[   13.908389] scsi target2:0:1: Ending Domain Validation
[   13.909425] scsi target2:0:1: asynchronous
[   13.915260] sd 2:0:0:0: Attached scsi generic sg0 type 0
[   13.916589] sd 2:0:0:0: [sda] 20971520 512-byte logical blocks: (10.7 GB/10.0 GiB)
[   13.918441] sd 2:0:0:0: [sda] Write Protect is off
[   13.919657] sd 2:0:1:0: Attached scsi generic sg1 type 0
[   13.920735] sd 2:0:0:0: [sda] Incomplete mode parameter data
[   13.921847] sd 2:0:0:0: [sda] Assuming drive cache: write through
[   13.922979] sd 2:0:1:0: [sdb] 20480 512-byte logical blocks: (10.5 MB/10.0 MiB)
[   13.924919] sd 2:0:1:0: [sdb] Write Protect is off
[   13.926168] sd 2:0:1:0: [sdb] Incomplete mode parameter data
[   13.927238] sd 2:0:1:0: [sdb] Assuming drive cache: write through
[   13.927927]  sda: sda1
[   13.928935] sd 2:0:0:0: [sda] Attached SCSI disk
[   13.931791] sd 2:0:1:0: [sdb] Attached SCSI disk
Begin: Loading e[   15.530006] md: linear personality registered for level -1
ssential drivers ... [   15.571526] md: multipath personality registered for level -4
[   15.596130] md: raid0 personality registered for level 0
[   15.614242] md: raid1 personality registered for level 1
[   15.687732] raid6: sse2x1   gen() 11117 MB/s
[   15.767677] raid6: sse2x1   xor()  8863 MB/s
[   15.903347] raid6: sse2x2   gen() 15420 MB/s
[   16.039249] raid6: sse2x2   xor()  9569 MB/s
[   16.111254] raid6: sse2x4   gen() 16042 MB/s
[   16.243249] raid6: sse2x4   xor() 11684 MB/s
[   16.327706] raid6: avx2x1   gen() 19774 MB/s
[   16.399413] raid6: avx2x2   gen() 23268 MB/s
[   16.471251] raid6: avx2x4   gen() 25111 MB/s
[   16.520954] raid6: using algorithm avx2x4 gen() 25111 MB/s
[   16.528608] raid6: using avx2x2 recovery algorithm
[   16.532262] xor: automatically using best checksumming function:
[   16.571361]    avx       : 27765.000 MB/sec
[   16.573570] async_tx: api initialized (async)
[   16.601959] md: raid6 personality registered for level 6
[   16.670914] md: raid5 personality registered for level 5
[   16.676101] md: raid4 personality registered for level 4
[   16.683261] md: raid10 personality registered for level 10
done.
Begin: Running /scripts/init-premount ... done.
Begin: Mounting root file syste[   16.751591] Btrfs loaded
m ... Begin: Running /scripts/local-top ... done.
Begin: Running /scripts/local-premount ... Scanning for Btrfs filesystems
done.
Warning: fsck not present, so skipping root file[   16.789946] EXT4-fs (sda1): mounted filesystem with ordered data mode. Opts: (null)
 system
done.
Begin: Running /scripts/local-bottom ... done.
Begin: Running /scripts/init-bottom ... done.
[   16.885445] systemd[1]: systemd 229 running in system mode. (+PAM +AUDIT +SELINUX +IMA +APPARMOR +SMACK +SYSVINIT +UTMP +LIBCRYPTSETUP +GCRYPT +GNUTLS +ACL +XZ -LZ4 +SECCOMP +BLKID +ELFUTILS +KMOD -IDN)
[   16.888820] systemd[1]: Detected virtualization oracle.
[   16.889823] systemd[1]: Detected architecture x86-64.

Welcome to [1mUbuntu 16.04.6 LTS[0m!

[   16.898279] systemd[1]: Set hostname to <ubuntu-xenial>.
[   17.074371] systemd[1]: Created slice System Slice.
[[0;32m  OK  [0m] Created slice System Slice.
[   17.076559] systemd[1]: Listening on Device-mapper event daemon FIFOs.
[[0;32m  OK  [0m] Listening on Device-mapper event daemon FIFOs.
[   17.079113] systemd[1]: Started Forward Password Requests to Wall Directory Watch.
[[0;32m  OK  [0m] Started Forward Password Requests to Wall Directory Watch.
[   17.082449] systemd[1]: Listening on Journal Socket.
[[0;32m  OK  [0m] Listening on Journal Socket.
[   17.102360] systemd[1]: Starting Uncomplicated firewall...
         Starting Uncomplicated firewall...
[   17.139277] systemd[1]: Mounting Debug File System...
         Mounting Debug File System...
[   17.155351] systemd[1]: Mounting POSIX Message Queue File System...
         Mounting POSIX Message Queue File System...
[   17.169104] systemd[1]: Listening on udev Control Socket.
[[0;32m  OK  [0m] Listening on udev Control Socket.
[   17.207740] systemd[1]: Starting Set console keymap...
         Starting Set console keymap...
[   17.240499] systemd[1]: Mounting Huge Pages File System...
         Mounting Huge Pages File System...
[   17.248091] systemd[1]: Created slice system-serial\x2dgetty.slice.
[[0;32m  OK  [0m] Created slice system-serial\x2dgetty.slice.
[   17.273020] systemd[1]: Reached target Encrypted Volumes.
[[0;32m  OK  [0m] Reached target Encrypted Volumes.
[   17.332054] systemd[1]: Listening on udev Kernel Socket.
[[0;32m  OK  [0m] Listening on udev Kernel Socket.
[   17.384306] systemd[1]: Started Trigger resolvconf update for networkd DNS.
[[0;32m  OK  [0m] Started Trigger resolvconf update for networkd DNS.
[   17.415474] systemd[1]: Starting Remount Root and Kernel File Systems...
[   17.419600] EXT4-fs (sda1): re-mounted. Opts: (null)
         Starting Remount Root and Kernel File Systems...
[   17.483490] systemd[1]: Listening on LVM2 metadata daemon socket.
[[0;32m  OK  [0m] Listening on LVM2 metadata daemon socket.
[   17.498958] systemd[1]: Reached target Swap.
[[0;32m  OK  [0m] Reached target Swap.
[   17.584349] systemd[1]: Listening on Syslog Socket.
[[0;32m  OK  [0m] Listening on Syslog Socket.
[   17.586801] systemd[1]: Listening on /dev/initctl Compatibility Named Pipe.
[[0;32m  OK  [0m] Listening on /dev/initctl Compatibility Named Pipe.
[   17.615896] systemd[1]: Starting Create list of required static device nodes for the current kernel...
         Starting Create list of required st... nodes for the current kernel...
[   17.769269] systemd[1]: Listening on Journal Socket (/dev/log).
[[0;32m  OK  [0m] Listening on Journal Socket (/dev/log).
[   17.878554] systemd[1]: Reached target System Time Synchronized.
[[0;32m  OK  [0m] Reached target System Time Synchronized.
[   17.881558] systemd[1]: Reached target User and Group Name Lookups.
[[0;32m  OK  [0m] Reached target User and Group Name Lookups.
[   17.884871] systemd[1]: Set up automount Arbitrary Executable File Formats File System Automount Point.
[[0;32m  OK  [0m] Set up automount Arbitrary Executab...ats File System Automount Point.
[   17.890073] systemd[1]: Created slice User and Session Slice.
[[0;32m  OK  [0m] Created slice User and Session Slice.
[   17.892478] systemd[1]: Reached target Slices.
[[0;32m  OK  [0m] Reached target Slices.
[   17.903756] systemd[1]: Starting Nameserver information manager...
         Starting Nameserver information manager...
[   17.991723] systemd[1]: Listening on Journal Audit Socket.
[[0;32m  OK  [0m] Listening on Journal Audit Socket.
[   18.000629] systemd[1]: Starting Journal Service...
[   18.002228] random: nonblocking pool is initialized
         Starting Journal Service...
[   18.006118] systemd[1]: Starting Load Kernel Modules...
         Starting Load Kernel Modules...
[   18.009780] systemd[1]: Listening on LVM2 poll daemon socket.
[[0;32m  OK  [0m] Listening on LVM2 poll daemon socket.
[   18.013516] systemd[1]: Starting Monitoring of LVM2 mirrors, snapshots etc. using dmeventd or progress polling...
[   18.021408] Loading iSCSI transpo class v2.0-8.          Starting Monitoring of [   18.182375] iscsi: registered transport (tcp)
LVM2 mirrors... dmeventd or progress polling...
[   18.228557] iscsi: registered transport (iser)
[   18.232187] systemd[1]: Mounted Huge Pages File System.
[[0;32m  OK  [0m] Mounted Huge Pages File System.
[   18.250426] systemd[1]: Mounted POSIX Message Queue File System.
[[0;32m  OK  [0m] Mounted POSIX Message Queue File System.
[   18.299478] systemd[1]: Mounted Debug File System.
[[0;32m  OK  [0m] Mounted Debug File System.
[   18.311804] systemd[1]: Started Journal Service.
[[0;32m  OK  [0m] Started Journal Service.
[[0;32m  OK  [0m] Started Uncomplicated firewall.
[[0;32m  OK  [0m] Started Set console keymap.
[[0;32m  OK  [0m] Started Remount Root and Kernel File Systems.
[[0;32m  OK  [0m] Started Create list of required sta...ce nodes for the current kernel.
[[0;32m  OK  [0m] Started Load Kernel Modules.
[[0;32m  OK  [0m] Started Nameserver information manager.
[[0;32m  OK  [0m] Started LVM2 metadata daemon.
         Starting Apply Kernel Variables...
         Mounting FUSE Control File System...
         Starting Create Static Device Nodes in /dev...
         Starting udev Coldplug all Devices...
         Starting Load/Save Random Seed...
         Starting Flush Journal to Persistent Storage...
[[0;32m  OK  [0m] Mounted FUSE Control File System.
[[0;32m  OK  [0m] Started Apply Kernel Variables.
[[0;32m  OK  [0m] Started Load/Save Random Seed.
[[0;32m  OK  [0m] Started Create Static Device Nodes in /dev.
[[0;32m  OK  [0m] Started Flush Journal to Persistent Storage.
         Starting udev Kernel Device Manager...
[[0;32m  OK  [0m] Started udev Coldplug all Devices.
[[0;32m  OK  [0m] Started udev Kernel Device Manager.
[[0;32m  OK  [0m] Started Dispatch Password Requests to Console Directory Watch.
[[0;32m  OK  [0m] Found device /dev/ttyS0.
[[0;32m  OK  [0m] Listening on Load/Save RF Kill Switch Status /dev/rfkill Watch.
[[0;32m  OK  [0m] Started Monitoring of LVM2 mirrors,...ng dmeventd or progress polling.
[[0;32m  OK  [0m] Reached target Local File Systems (Pre).
[[0;32m  OK  [0m] Reached target Local File Systems.
         Starting Tell Plymouth To Write Out Runtime Data...
         Starting LSB: AppArmor initialization...
         Starting Create Volatile Files and Directories...
         Starting Initial cloud-init job (pre-networking)...
         Starting Set console font and keymap...
[[0;32m  OK  [0m] Started Tell Plymouth To Write Out Runtime Data.
[[0;32m  OK  [0m] Started Create Volatile Files and Directories.
         Starting Update UTMP about System Boot/Shutdown...
[[0;32m  OK  [0m] Found device 82540EM Gigabit Ethern...r (PRO/1000 MT Desktop Adapter).
[[0;32m  OK  [0m] Started Update UTMP about System Boot/Shutdown.
[[0;32m  OK  [0m] Started LSB: AppArmor initialization.
[[0;32m  OK  [0m] Started Set console font and keymap.
[[0;32m  OK  [0m] Created slice system-getty.slice.
[   16.729229] cloud-init[648]: Cloud-init v. 19.4-33-gbb4131a2-0ubuntu1~16.04.1 running 'init-local' at Sun, 28 Jun 2020 19:59:16 +0000. Up 16.51 seconds.
[[0;32m  OK  [0m] Started Initial cloud-init job (pre-networking).
[[0;32m  OK  [0m] Reached target Network (Pre).
         Starting Raise network interfaces...
[[0;32m  OK  [0m] Started ifup for enp0s3.
[[0;32m  OK  [0m] Started Raise network interfaces.
         Starting Initial cloud-init job (metadata service crawler)...
[[0;32m  OK  [0m] Reached target Network.
[   17.442423] cloud-init[999]: Cloud-init v. 19.4-33-gbb4131a2-0ubuntu1~16.04.1 running 'init' at Sun, 28 Jun 2020 19:59:17 +0000. Up 17.22 seconds.
[   17.444942] cloud-init[999]: ci-info: ++++++++++++++++++++++++++++++++++++++Net device info++++++++++++++++++++++++++++++++++++++
[   17.453356] cloud-init[999]: ci-info: +--------+------+----------------------------+---------------+--------+-------------------+
[   17.469386] cloud-init[999]: ci-info: | Device |  Up  |          Address           |      Mask     | Scope  |     Hw-Address    |
[   17.471476] cloud-init[999]: ci-info: +--------+------+----------------------------+---------------+--------+-------------------+
[   17.473514] cloud-init[999]: ci-info: | enp0s3 | True |         10.0.2.15          | 255.255.255.0 | global | 02:63:d7:4e:6d:2e |
[   17.473892] cloud-init[999]: ci-info: | enp0s3 | True | fe80::63:d7ff:fe4e:6d2e/64 |       .       |  link  | 02:63:d7:4e:6d:2e |
[[0;32m  OK  [0m] Started Initial cloud-init job (metadata service crawler).
[[   17.474293] cloud-init[999]: ci-info: |   lo   | True |         127.0.0.1          |   255.0.0.0   |  host  |         .         |
[   17.487401] cloud-init[999]: ci-info: |   lo   | True |          ::1/128           |       .       |  host  |         .         |
[   17.487705] cloud-init[999]: ci-info: +--------+------+----------------------------+---------------+--------+-------------------+
[   17.487906] cloud-init[999]: ci-info: +++++++++++++++++++++++++++Route IPv4 info++++++++++++++++++++++++++++
[   17.488396] cloud-init[999]: ci-info: +-------+-------------+----------+---------------+-----------+-------+
[   17.488562] cloud-init[999]: ci-info: | Route | Destination | Gateway  |    Genmask    | Interface | Flags |
[   17.488738] cloud-init[999]: ci-info: +-------+-------------+----------+---------------+-----------+-------+
[   17.488921] cloud-init[999]: ci-info: |   0   |   0.0.0.0   | 10.0.2.2 |    0.0.0.0    |   enp0s3  |   UG  |
[   17.489093] cloud-init[999]: ci-info: |   1   |   10.0.2.0  | 0.0.0.0  | 255.255.255.0 |   enp0s3  |   U   |
[   17.489268] cloud-init[999]: ci-info: +-------+-------------+----------+---------------+-----------+-------+
[   17.489440] cloud-init[999]: ci-info: +++++++++++++++++++Route IPv6 info+++++++++++++++++++
[   17.489614] cloud-init[999]: ci-info: +-------+-------------+---------+-----------+-------+
[   17.489792] cloud-init[999]: ci-info: | Route | Destination | Gateway | Interface | Flags |
[   17.489963] cloud-init[999]: ci-info: +-------+-------------+---------+-----------+-------+
[   17.490133] cloud-init[999]: ci-info: |   0   |  fe80::/64  |    ::   |   enp0s3  |   U   |
[   17.490336] cloud-init[999]: ci-info: |   3   |   ff00::/8  |    ::   |   enp0s3  |   U   |
[   17.490508] cloud-init[999]: ci-info: +-------+-------------+---------+-----------+-------+
[0;32m  OK  [0m] Reached target Network is Online.
         Starting iSCSI initiator daemon (iscsid)...
[[0;32m  OK  [0m] Reached target System Initialization.
         Starting LXD - unix socket.
[[0;32m  OK  [0m] Listening on UUID daemon activation socket.
[[0;32m  OK  [0m] Listening on ACPID Listen Socket.
[[0;32m  OK  [0m] Started ACPI Events Check.
[[0;32m  OK  [0m] Reached target Paths.
[[0;32m  OK  [0m] Started Message of the Day.
         Starting Socket activation for snappy daemon.
[[0;32m  OK  [0m] Started Daily apt download activities.
[[0;32m  OK  [0m] Started Daily apt upgrade and clean activities.
[[0;32m  OK  [0m] Started Daily Cleanup of Temporary Directories.
[[0;32m  OK  [0m] Reached target Timers.
[[0;32m  OK  [0m] Listening on D-Bus System Message Bus Socket.
[[0;32m  OK  [0m] Reached target Cloud-config availability.
[[0;32m  OK  [0m] Listening on LXD - unix socket.
[[0;32m  OK  [0m] Listening on Socket activation for snappy daemon.
[[0;32m  OK  [0m] Started iSCSI initiator daemon (iscsid).
         Starting Login to default iSCSI targets...
[[0;32m  OK  [0m] Reached target Sockets.
[[0;32m  OK  [0m] Reached target Basic System.
         Starting Accounts Service...
[[0;32m  OK  [0m] Started ACPI event daemon.
         Starting System Logging Service...
         Starting OpenBSD Secure Shell server...
[[0;32m  OK  [0m] Started Regular background program processing daemon.
         Starting Snappy daemon...
[[0;32m  OK  [0m] Started D-Bus System Message Bus.
         Starting Login Service...
         Starting /etc/rc.local Compatibility...
         Starting vboxadd.service...
         Starting LSB: Record successful boot for GRUB...
[[0;32m  OK  [0m] Started FUSE filesystem for LXC.
         Starting LSB: MD monitoring daemon...
[[0;32m  OK  [0m] Started Deferred execution scheduler.
         Starting LXD - container startup/shutdown...
[[0;32m  OK  [0m] Started System Logging Service.
[[0;32m  OK  [0m] Started /etc/rc.local Compatibility.
[[0;32m  OK  [0m] Started OpenBSD Secure Shell server.
[[0;32m  OK  [0m] Started LSB: Record successful boot for GRUB.
[[0;32m  OK  [0m] Started Login to default iSCSI targets.
[[0;32m  OK  [0m] Reached target Remote File Systems (Pre).
[[0;32m  OK  [0m] Reached target Remote File Systems.
         Starting LSB: automatic crash report generation...
         Starting Permit User Sessions...
         Starting LSB: daemon to balance interrupts for SMP systems...
         Starting LSB: Set the CPU Frequency Scaling governor to "ondemand"...
         Starting Authenticate and Authorize Users to Run Privileged Tasks...
[[0;32m  OK  [0m] Started Snappy daemon.
[[0;32m  OK  [0m] Started vboxadd.service.
[[0;32m  OK  [0m] Started LSB: MD monitoring daemon.
[[0;32m  OK  [0m] Started LXD - container startup/shutdown.
[[0;32m  OK  [0m] Started Permit User Sessions.
[[0;32m  OK  [0m] Started Login Service.
[[0;32m  OK  [0m] Started Authenticate and Authorize Users to Run Privileged Tasks.
[[0;32m  OK  [0m] Started Accounts Service.
[[0;32m  OK  [0m] Started Unattended Upgrades Shutdown.
         Starting Hold until boot process finishes up...
         Starting Terminate Plymouth Boot Screen...
         Starting vboxadd-service.service...
         Starting Wait until snapd is fully seeded...
[[0;32m  OK  [0m] Started LSB: automatic crash report generation.
[[0;32m  OK  [0m] Started LSB: daemon to balance interrupts for SMP systems.
[[0;32m  OK  [0m] Started LSB: Set the CPU Frequency Scaling governor to "ondemand".
[[0;32m  OK  [0m] Started Hold until boot process finishes up.
[[0;32m  OK  [0m] Started Terminate Plymouth Boot Screen.
[[0;1;31mFAILED[0m] Failed to start vboxadd-service.service.
See 'systemctl status vboxadd-service.service' for details.
[[0;32m  OK  [0m] Started Wait until snapd is fully seeded.
         Starting Apply the settings specified in cloud-config...
[[0;32m  OK  [0m] Started Serial Getty on ttyS0.
         Starting Set console scheme...
[[0;32m  OK  [0m] Started Getty on tty1.
[[0;32m  OK  [0m] Reached target Login Prompts.
[[0;32m  OK  [0m] Reached target Multi-User System.
[[0;32m  OK  [0m] Reached target Graphical Interface.
         Starting Update UTMP about System Runlevel Changes...
[[0;32m  OK  [0m] Started Set console scheme.
[[0;32m  OK  [0m] Started Update UTMP about System Runlevel Changes.
[   18.995168] cloud-init[1289]: Cloud-init v. 19.4-33-gbb4131a2-0ubuntu1~16.04.1 running 'modules:config' at Sun, 28 Jun 2020 19:59:19 +0000. Up 18.88 seconds.
[[0;32m  OK  [0m] Started Apply the settings specified in cloud-config.
         Starting Execute cloud user/final scripts...
[   19.339185] cloud-init[1309]: Cloud-init v. 19.4-33-gbb4131a2-0ubuntu1~16.04.1 running 'modules:final' at Sun, 28 Jun 2020 19:59:19 +0000. Up 19.26 seconds.
[   19.349731] cloud-init[1309]: Cloud-init v. 19.4-33-gbb4131a2-0ubuntu1~16.04.1 finished at Sun, 28 Jun 2020 19:59:19 +0000. Datasource DataSourceNoCloud [seed=/dev/sdb][dsmode=net].  Up 19.33 seconds
[[0;32m  OK  [0m] Started Execute cloud user/final scripts.
[[0;32m  OK  [0m] Reached target Cloud-init target.

Ubuntu 16.04.6 LTS ubuntu-xenial ttyS0

ubuntu-xenial login: 